app/build/intermediates/manifest_merge_blame_file/debug/processDebugMainManifest/manifest-merger-blame-debug-report.txt
1<?xml version="1.0" encoding="utf-8"?>
2<manifest xmlns:android="http://schemas.android.com/apk/res/android"
3    package="com.example.insync_smartcontrolsystem"
4    android:versionCode="1"
5    android:versionName="1.0" >
6
7    <uses-sdk
8        android:minSdkVersion="24"
9        android:targetSdkVersion="34" />
10
11    <!-- Permissions -->
12    <uses-permission android:name="android.permission.INTERNET" />
12-->src\main\AndroidManifest.xml:6:5-66
12-->src\main\AndroidManifest.xml:6:22-64
13    <uses-permission android:name="android.permission.ACCESS_NETWORK_STATE" />
13-->[com.google.firebase:firebase-auth:22.0.0] AndroidManifest.xml:26:5-79
13-->[com.google.firebase:firebase-auth:22.0.0] AndroidManifest.xml:26:22-76
14
15    <permission
15-->[androidx.core:core:1.13.0] AndroidManifest.xml:22:5-24:47
16        android:name="com.example.insync_smartcontrolsystem.DYNAMIC_RECEIVER_NOT_EXPORTED_PERMISSION"
16-->[androidx.core:core:1.13.0] AndroidManifest.xml:23:9-81
17        android:protectionLevel="signature" />
17-->[androidx.core:core:1.13.0] AndroidManifest.xml:24:9-44
18
19    <uses-permission android:name="com.example.insync_smartcontrolsystem.DYNAMIC_RECEIVER_NOT_EXPORTED_PERMISSION" />
19-->[androidx.core:core:1.13.0] AndroidManifest.xml:26:5-97
19-->[androidx.core:core:1.13.0] AndroidManifest.xml:26:22-94
20
21    <application
21-->src\main\AndroidManifest.xml:8:5-98:19
22        android:allowBackup="true"
22-->src\main\AndroidManifest.xml:9:9-35
23        android:appComponentFactory="androidx.core.app.CoreComponentFactory"
23-->[androidx.core:core:1.13.0] AndroidManifest.xml:28:18-86
24        android:dataExtractionRules="@xml/data_extraction_rules"
24-->src\main\AndroidManifest.xml:10:9-65
25        android:debuggable="true"
26        android:extractNativeLibs="false"
27        android:fullBackupContent="@xml/backup_rules"
27-->src\main\AndroidManifest.xml:11:9-54
28        android:icon="@mipmap/ic_launcher"
28-->src\main\AndroidManifest.xml:12:9-43
29        android:label="InSync"
29-->src\main\AndroidManifest.xml:13:9-31
30        android:roundIcon="@mipmap/ic_launcher_round"
30-->src\main\AndroidManifest.xml:14:9-54
31        android:supportsRtl="true"
31-->src\main\AndroidManifest.xml:15:9-35
32        android:testOnly="true"
33        android:theme="@style/Theme.InSyncSmartControlSystem" >
33-->src\main\AndroidManifest.xml:16:9-62
34
35        <!-- Splash Activity set as the launcher activity -->
36        <activity
36-->src\main\AndroidManifest.xml:20:9-27:20
37            android:name="com.example.insync_smartcontrolsystem.SplashActivity"
37-->src\main\AndroidManifest.xml:21:13-43
38            android:exported="true" >
38-->src\main\AndroidManifest.xml:22:13-36
39            <intent-filter>
39-->src\main\AndroidManifest.xml:23:13-26:29
40                <action android:name="android.intent.action.MAIN" />
40-->src\main\AndroidManifest.xml:24:17-69
40-->src\main\AndroidManifest.xml:24:25-66
41
42                <category android:name="android.intent.category.LAUNCHER" />
42-->src\main\AndroidManifest.xml:25:17-77
42-->src\main\AndroidManifest.xml:25:27-74
43            </intent-filter>
44        </activity>
45
46        <!-- Main Activity -->
47        <activity android:name="com.example.insync_smartcontrolsystem.MainActivity" >
47-->src\main\AndroidManifest.xml:30:9-32:20
47-->src\main\AndroidManifest.xml:31:13-41
48        </activity>
49
50        <!-- Authentication Activities -->
51        <activity android:name="com.example.insync_smartcontrolsystem.LoginActivity" >
51-->src\main\AndroidManifest.xml:35:9-37:20
51-->src\main\AndroidManifest.xml:36:13-42
52        </activity>
53        <activity android:name="com.example.insync_smartcontrolsystem.ForgotPasswordActivity" >
53-->src\main\AndroidManifest.xml:39:9-41:20
53-->src\main\AndroidManifest.xml:40:13-51
54        </activity>
55        <activity android:name="com.example.insync_smartcontrolsystem.SignupActivity" >
55-->src\main\AndroidManifest.xml:43:9-45:20
55-->src\main\AndroidManifest.xml:44:13-43
56        </activity>
57
58        <!-- Dashboard Activity -->
59        <activity android:name="com.example.insync_smartcontrolsystem.DashboardActivity" >
59-->src\main\AndroidManifest.xml:48:9-50:20
59-->src\main\AndroidManifest.xml:49:13-46
60        </activity>
61
62        <!-- IoT-Related Activities -->
63        <activity android:name="com.example.insync_smartcontrolsystem.OverviewActivity" >
63-->src\main\AndroidManifest.xml:53:9-55:20
63-->src\main\AndroidManifest.xml:54:13-45
64        </activity>
65        <activity android:name="com.example.insync_smartcontrolsystem.SensorsActivity" >
65-->src\main\AndroidManifest.xml:57:9-59:20
65-->src\main\AndroidManifest.xml:58:13-44
66        </activity>
67        <activity android:name="com.example.insync_smartcontrolsystem.NetworkingActivity" >
67-->src\main\AndroidManifest.xml:61:9-63:20
67-->src\main\AndroidManifest.xml:62:13-47
68        </activity>
69        <activity android:name="com.example.insync_smartcontrolsystem.CloudComputingActivity" >
69-->src\main\AndroidManifest.xml:65:9-67:20
69-->src\main\AndroidManifest.xml:66:13-51
70        </activity>
71        <activity android:name="com.example.insync_smartcontrolsystem.SecurityActivity" >
71-->src\main\AndroidManifest.xml:69:9-71:20
71-->src\main\AndroidManifest.xml:70:13-45
72        </activity>
73        <activity android:name="com.example.insync_smartcontrolsystem.DataManagementActivity" >
73-->src\main\AndroidManifest.xml:73:9-75:20
73-->src\main\AndroidManifest.xml:74:13-51
74        </activity>
75        <activity android:name="com.example.insync_smartcontrolsystem.EdgeComputingActivity" >
75-->src\main\AndroidManifest.xml:77:9-79:20
75-->src\main\AndroidManifest.xml:78:13-50
76        </activity>
77        <activity android:name="com.example.insync_smartcontrolsystem.AnalyticsActivity" >
77-->src\main\AndroidManifest.xml:81:9-83:20
77-->src\main\AndroidManifest.xml:82:13-46
78        </activity>
79        <activity android:name="com.example.insync_smartcontrolsystem.ApplicationsActivity" >
79-->src\main\AndroidManifest.xml:85:9-87:20
79-->src\main\AndroidManifest.xml:86:13-49
80        </activity>
81        <activity android:name="com.example.insync_smartcontrolsystem.StandardsActivity" >
81-->src\main\AndroidManifest.xml:89:9-91:20
81-->src\main\AndroidManifest.xml:90:13-46
82        </activity>
83
84        <!-- About Activity -->
85        <activity android:name="com.example.insync_smartcontrolsystem.AboutActivity" >
85-->src\main\AndroidManifest.xml:94:9-96:20
85-->src\main\AndroidManifest.xml:95:13-42
86        </activity>
87        <activity
87-->[com.google.firebase:firebase-auth:22.0.0] AndroidManifest.xml:29:9-46:20
88            android:name="com.google.firebase.auth.internal.GenericIdpActivity"
88-->[com.google.firebase:firebase-auth:22.0.0] AndroidManifest.xml:30:13-80
89            android:excludeFromRecents="true"
89-->[com.google.firebase:firebase-auth:22.0.0] AndroidManifest.xml:31:13-46
90            android:exported="true"
90-->[com.google.firebase:firebase-auth:22.0.0] AndroidManifest.xml:32:13-36
91            android:launchMode="singleTask"
91-->[com.google.firebase:firebase-auth:22.0.0] AndroidManifest.xml:33:13-44
92            android:theme="@android:style/Theme.Translucent.NoTitleBar" >
92-->[com.google.firebase:firebase-auth:22.0.0] AndroidManifest.xml:34:13-72
93            <intent-filter>
93-->[com.google.firebase:firebase-auth:22.0.0] AndroidManifest.xml:35:13-45:29
94                <action android:name="android.intent.action.VIEW" />
94-->[com.google.firebase:firebase-auth:22.0.0] AndroidManifest.xml:36:17-69
94-->[com.google.firebase:firebase-auth:22.0.0] AndroidManifest.xml:36:25-66
95
96                <category android:name="android.intent.category.DEFAULT" />
96-->[com.google.firebase:firebase-auth:22.0.0] AndroidManifest.xml:38:17-76
96-->[com.google.firebase:firebase-auth:22.0.0] AndroidManifest.xml:38:27-73
97                <category android:name="android.intent.category.BROWSABLE" />
97-->[com.google.firebase:firebase-auth:22.0.0] AndroidManifest.xml:39:17-78
97-->[com.google.firebase:firebase-auth:22.0.0] AndroidManifest.xml:39:27-75
98
99                <data
99-->[com.google.firebase:firebase-auth:22.0.0] AndroidManifest.xml:41:17-44:51
100                    android:host="firebase.auth"
100-->[com.google.firebase:firebase-auth:22.0.0] AndroidManifest.xml:42:21-49
101                    android:path="/"
101-->[com.google.firebase:firebase-auth:22.0.0] AndroidManifest.xml:43:21-37
102                    android:scheme="genericidp" />
102-->[com.google.firebase:firebase-auth:22.0.0] AndroidManifest.xml:44:21-48
103            </intent-filter>
104        </activity>
105        <activity
105-->[com.google.firebase:firebase-auth:22.0.0] AndroidManifest.xml:47:9-64:20
106            android:name="com.google.firebase.auth.internal.RecaptchaActivity"
106-->[com.google.firebase:firebase-auth:22.0.0] AndroidManifest.xml:48:13-79
107            android:excludeFromRecents="true"
107-->[com.google.firebase:firebase-auth:22.0.0] AndroidManifest.xml:49:13-46
108            android:exported="true"
108-->[com.google.firebase:firebase-auth:22.0.0] AndroidManifest.xml:50:13-36
109            android:launchMode="singleTask"
109-->[com.google.firebase:firebase-auth:22.0.0] AndroidManifest.xml:51:13-44
110            android:theme="@android:style/Theme.Translucent.NoTitleBar" >
110-->[com.google.firebase:firebase-auth:22.0.0] AndroidManifest.xml:52:13-72
111            <intent-filter>
111-->[com.google.firebase:firebase-auth:22.0.0] AndroidManifest.xml:53:13-63:29
112                <action android:name="android.intent.action.VIEW" />
112-->[com.google.firebase:firebase-auth:22.0.0] AndroidManifest.xml:36:17-69
112-->[com.google.firebase:firebase-auth:22.0.0] AndroidManifest.xml:36:25-66
113
114                <category android:name="android.intent.category.DEFAULT" />
114-->[com.google.firebase:firebase-auth:22.0.0] AndroidManifest.xml:38:17-76
114-->[com.google.firebase:firebase-auth:22.0.0] AndroidManifest.xml:38:27-73
115                <category android:name="android.intent.category.BROWSABLE" />
115-->[com.google.firebase:firebase-auth:22.0.0] AndroidManifest.xml:39:17-78
115-->[com.google.firebase:firebase-auth:22.0.0] AndroidManifest.xml:39:27-75
116
117                <data
117-->[com.google.firebase:firebase-auth:22.0.0] AndroidManifest.xml:41:17-44:51
118                    android:host="firebase.auth"
118-->[com.google.firebase:firebase-auth:22.0.0] AndroidManifest.xml:42:21-49
119                    android:path="/"
119-->[com.google.firebase:firebase-auth:22.0.0] AndroidManifest.xml:43:21-37
120                    android:scheme="recaptcha" />
120-->[com.google.firebase:firebase-auth:22.0.0] AndroidManifest.xml:44:21-48
121            </intent-filter>
122        </activity>
123
124        <service
124-->[com.google.firebase:firebase-auth:22.0.0] AndroidManifest.xml:66:9-72:19
125            android:name="com.google.firebase.components.ComponentDiscoveryService"
125-->[com.google.firebase:firebase-auth:22.0.0] AndroidManifest.xml:67:13-84
126            android:directBootAware="true"
126-->[com.google.firebase:firebase-common:20.3.2] AndroidManifest.xml:34:13-43
127            android:exported="false" >
127-->[com.google.firebase:firebase-auth:22.0.0] AndroidManifest.xml:68:13-37
128            <meta-data
128-->[com.google.firebase:firebase-auth:22.0.0] AndroidManifest.xml:69:13-71:85
129                android:name="com.google.firebase.components:com.google.firebase.auth.FirebaseAuthRegistrar"
129-->[com.google.firebase:firebase-auth:22.0.0] AndroidManifest.xml:70:17-109
130                android:value="com.google.firebase.components.ComponentRegistrar" />
130-->[com.google.firebase:firebase-auth:22.0.0] AndroidManifest.xml:71:17-82
131            <meta-data
131-->[com.google.firebase:firebase-firestore:24.7.0] AndroidManifest.xml:19:13-21:85
132                android:name="com.google.firebase.components:com.google.firebase.firestore.FirestoreRegistrar"
132-->[com.google.firebase:firebase-firestore:24.7.0] AndroidManifest.xml:20:17-111
133                android:value="com.google.firebase.components.ComponentRegistrar" />
133-->[com.google.firebase:firebase-firestore:24.7.0] AndroidManifest.xml:21:17-82
134        </service>
135
136        <provider
136-->[com.google.firebase:firebase-common:20.3.2] AndroidManifest.xml:25:9-30:39
137            android:name="com.google.firebase.provider.FirebaseInitProvider"
137-->[com.google.firebase:firebase-common:20.3.2] AndroidManifest.xml:26:13-77
138            android:authorities="com.example.insync_smartcontrolsystem.firebaseinitprovider"
138-->[com.google.firebase:firebase-common:20.3.2] AndroidManifest.xml:27:13-72
139            android:directBootAware="true"
139-->[com.google.firebase:firebase-common:20.3.2] AndroidManifest.xml:28:13-43
140            android:exported="false"
140-->[com.google.firebase:firebase-common:20.3.2] AndroidManifest.xml:29:13-37
141            android:initOrder="100" />
141-->[com.google.firebase:firebase-common:20.3.2] AndroidManifest.xml:30:13-36
142
143        <activity
143-->[com.google.android.gms:play-services-base:18.0.1] AndroidManifest.xml:20:9-22:45
144            android:name="com.google.android.gms.common.api.GoogleApiActivity"
144-->[com.google.android.gms:play-services-base:18.0.1] AndroidManifest.xml:20:19-85
145            android:exported="false"
145-->[com.google.android.gms:play-services-base:18.0.1] AndroidManifest.xml:22:19-43
146            android:theme="@android:style/Theme.Translucent.NoTitleBar" />
146-->[com.google.android.gms:play-services-base:18.0.1] AndroidManifest.xml:21:19-78
147
148        <provider
148-->[androidx.emoji2:emoji2:1.3.0] AndroidManifest.xml:24:9-32:20
149            android:name="androidx.startup.InitializationProvider"
149-->[androidx.emoji2:emoji2:1.3.0] AndroidManifest.xml:25:13-67
150            android:authorities="com.example.insync_smartcontrolsystem.androidx-startup"
150-->[androidx.emoji2:emoji2:1.3.0] AndroidManifest.xml:26:13-68
151            android:exported="false" >
151-->[androidx.emoji2:emoji2:1.3.0] AndroidManifest.xml:27:13-37
152            <meta-data
152-->[androidx.emoji2:emoji2:1.3.0] AndroidManifest.xml:29:13-31:52
153                android:name="androidx.emoji2.text.EmojiCompatInitializer"
153-->[androidx.emoji2:emoji2:1.3.0] AndroidManifest.xml:30:17-75
154                android:value="androidx.startup" />
154-->[androidx.emoji2:emoji2:1.3.0] AndroidManifest.xml:31:17-49
155            <meta-data
155-->[androidx.lifecycle:lifecycle-process:2.6.2] AndroidManifest.xml:29:13-31:52
156                android:name="androidx.lifecycle.ProcessLifecycleInitializer"
156-->[androidx.lifecycle:lifecycle-process:2.6.2] AndroidManifest.xml:30:17-78
157                android:value="androidx.startup" />
157-->[androidx.lifecycle:lifecycle-process:2.6.2] AndroidManifest.xml:31:17-49
158            <meta-data
158-->[androidx.profileinstaller:profileinstaller:1.3.1] AndroidManifest.xml:29:13-31:52
159                android:name="androidx.profileinstaller.ProfileInstallerInitializer"
159-->[androidx.profileinstaller:profileinstaller:1.3.1] AndroidManifest.xml:30:17-85
160                android:value="androidx.startup" />
160-->[androidx.profileinstaller:profileinstaller:1.3.1] AndroidManifest.xml:31:17-49
161        </provider>
162
163        <meta-data
163-->[com.google.android.gms:play-services-basement:18.1.0] AndroidManifest.xml:21:9-23:69
164            android:name="com.google.android.gms.version"
164-->[com.google.android.gms:play-services-basement:18.1.0] AndroidManifest.xml:22:13-58
165            android:value="@integer/google_play_services_version" />
165-->[com.google.android.gms:play-services-basement:18.1.0] AndroidManifest.xml:23:13-66
166
167        <receiver
167-->[androidx.profileinstaller:profileinstaller:1.3.1] AndroidManifest.xml:34:9-52:20
168            android:name="androidx.profileinstaller.ProfileInstallReceiver"
168-->[androidx.profileinstaller:profileinstaller:1.3.1] AndroidManifest.xml:35:13-76
169            android:directBootAware="false"
169-->[androidx.profileinstaller:profileinstaller:1.3.1] AndroidManifest.xml:36:13-44
170            android:enabled="true"
170-->[androidx.profileinstaller:profileinstaller:1.3.1] AndroidManifest.xml:37:13-35
171            android:exported="true"
171-->[androidx.profileinstaller:profileinstaller:1.3.1] AndroidManifest.xml:38:13-36
172            android:permission="android.permission.DUMP" >
172-->[androidx.profileinstaller:profileinstaller:1.3.1] AndroidManifest.xml:39:13-57
173            <intent-filter>
173-->[androidx.profileinstaller:profileinstaller:1.3.1] AndroidManifest.xml:40:13-42:29
174                <action android:name="androidx.profileinstaller.action.INSTALL_PROFILE" />
174-->[androidx.profileinstaller:profileinstaller:1.3.1] AndroidManifest.xml:41:17-91
174-->[androidx.profileinstaller:profileinstaller:1.3.1] AndroidManifest.xml:41:25-88
175            </intent-filter>
176            <intent-filter>
176-->[androidx.profileinstaller:profileinstaller:1.3.1] AndroidManifest.xml:43:13-45:29
177                <action android:name="androidx.profileinstaller.action.SKIP_FILE" />
177-->[androidx.profileinstaller:profileinstaller:1.3.1] AndroidManifest.xml:44:17-85
177-->[androidx.profileinstaller:profileinstaller:1.3.1] AndroidManifest.xml:44:25-82
178            </intent-filter>
179            <intent-filter>
179-->[androidx.profileinstaller:profileinstaller:1.3.1] AndroidManifest.xml:46:13-48:29
180                <action android:name="androidx.profileinstaller.action.SAVE_PROFILE" />
180-->[androidx.profileinstaller:profileinstaller:1.3.1] AndroidManifest.xml:47:17-88
180-->[androidx.profileinstaller:profileinstaller:1.3.1] AndroidManifest.xml:47:25-85
181            </intent-filter>
182            <intent-filter>
182-->[androidx.profileinstaller:profileinstaller:1.3.1] AndroidManifest.xml:49:13-51:29
183                <action android:name="androidx.profileinstaller.action.BENCHMARK_OPERATION" />
183-->[androidx.profileinstaller:profileinstaller:1.3.1] AndroidManifest.xml:50:17-95
183-->[androidx.profileinstaller:profileinstaller:1.3.1] AndroidManifest.xml:50:25-92
184            </intent-filter>
185        </receiver>
186    </application>
187
188</manifest>